# JRE version: OpenJDK Runtime Environment (26.0+35) (build 26+35-2893)
# Java VM: OpenJDK 64-Bit Server VM (26+35-2893, mixed mode, sharing, tiered, compressed oops, compressed class ptrs, g1 gc, bsd-aarch64)
GC Precious Log:
 CardTable entry size: 512
 Card Set container configuration: InlinePtr #cards 4 size 8 Array Of Cards #cards 32 size 80 Howl #buckets 8 coarsen threshold 7372 Howl Bitmap #cards 1024 size 144 coarsen threshold 921 Card regions per heap region 1 cards per card region 8192
 CPUs: 10 total, 10 available
 Memory: 24576M
 Large Page Support: Disabled
 NUMA Support: Disabled
 Compressed Oops: Enabled (Zero based)
 Heap Region Size: 4M
 Heap Min Capacity: 8M
 Heap Initial Capacity: 8M
 Heap Max Capacity: 6G
 Pre-touch: Disabled
 Parallel Workers: 9
 Concurrent Workers: 2
 Concurrent Refinement Workers: 9
 Periodic GC: Disabled
Heap:
 garbage-first heap   total reserved 6291456K, committed 221184K, used 117113K [0x0000000380000000, 0x0000000500000000)
  region size 4M, 23 eden (92M), 3 survivor (12M), 4 old (16M), 0 humongous (0M), 24 free (96M)
GC Heap Usage History (18 events):
Event: 0.240 {heap Before GC invocations=0 (full 0):
 garbage-first heap   total reserved 6291456K, committed 12288K, used 1162K [0x0000000380000000, 0x0000000500000000)
  region size 4M, 1 eden (4M), 0 survivor (0M), 1 old (4M), 0 humongous (0M), 1 free (4M)
}
Event: 0.240 {heap After GC invocations=1 (full 0):
 garbage-first heap   total reserved 6291456K, committed 12288K, used 3771K [0x0000000380000000, 0x0000000500000000)
  region size 4M, 0 eden (0M), 1 survivor (4M), 1 old (4M), 0 humongous (0M), 1 free (4M)
}
Event: 0.288 {heap Before GC invocations=1 (full 0):
 garbage-first heap   total reserved 6291456K, committed 12288K, used 7867K [0x0000000380000000, 0x0000000500000000)
  region size 4M, 1 eden (4M), 1 survivor (4M), 1 old (4M), 0 humongous (0M), 0 free (0M)
}
Event: 0.290 {heap After GC invocations=2 (full 0):
 garbage-first heap   total reserved 6291456K, committed 20480K, used 6043K [0x0000000380000000, 0x0000000500000000)
  region size 4M, 0 eden (0M), 1 survivor (4M), 2 old (8M), 0 humongous (0M), 2 free (8M)
}
Event: 0.347 {heap Before GC invocations=3 (full 0):
 garbage-first heap   total reserved 6291456K, committed 20480K, used 6043K [0x0000000380000000, 0x0000000500000000)
  region size 4M, 1 eden (4M), 1 survivor (4M), 2 old (8M), 0 humongous (0M), 1 free (4M)
}
Event: 0.348 {heap After GC invocations=4 (full 0):
 garbage-first heap   total reserved 6291456K, committed 73728K, used 6881K [0x0000000380000000, 0x0000000500000000)
  region size 4M, 0 eden (0M), 1 survivor (4M), 3 old (12M), 0 humongous (0M), 14 free (56M)
}
Event: 0.571 {heap Before GC invocations=4 (full 0):
 garbage-first heap   total reserved 6291456K, committed 73728K, used 31457K [0x0000000380000000, 0x0000000500000000)
  region size 4M, 6 eden (24M), 1 survivor (4M), 3 old (12M), 0 humongous (0M), 8 free (32M)
}
Event: 0.574 {heap After GC invocations=5 (full 0):
 garbage-first heap   total reserved 6291456K, committed 73728K, used 9087K [0x0000000380000000, 0x0000000500000000)
  region size 4M, 0 eden (0M), 1 survivor (4M), 2 old (8M), 0 humongous (0M), 15 free (60M)
}
Event: 0.720 {heap Before GC invocations=5 (full 0):
 garbage-first heap   total reserved 6291456K, committed 73728K, used 41855K [0x0000000380000000, 0x0000000500000000)
  region size 4M, 8 eden (32M), 1 survivor (4M), 2 old (8M), 0 humongous (0M), 7 free (28M)
}
Event: 0.722 {heap After GC invocations=6 (full 0):
 garbage-first heap   total reserved 6291456K, committed 73728K, used 11307K [0x0000000380000000, 0x0000000500000000)
  region size 4M, 0 eden (0M), 2 survivor (8M), 2 old (8M), 0 humongous (0M), 14 free (56M)
}
Event: 0.850 {heap Before GC invocations=6 (full 0):
 garbage-first heap   total reserved 6291456K, committed 73728K, used 31787K [0x0000000380000000, 0x0000000500000000)
  region size 4M, 6 eden (24M), 2 survivor (8M), 2 old (8M), 0 humongous (0M), 8 free (32M)
}
Event: 0.853 {heap After GC invocations=7 (full 0):
 garbage-first heap   total reserved 6291456K, committed 73728K, used 15040K [0x0000000380000000, 0x0000000500000000)
  region size 4M, 0 eden (0M), 2 survivor (8M), 3 old (12M), 0 humongous (0M), 13 free (52M)
}
Event: 1.095 {heap Before GC invocations=8 (full 0):
 garbage-first heap   total reserved 6291456K, committed 73728K, used 43712K [0x0000000380000000, 0x0000000500000000)
  region size 4M, 8 eden (32M), 2 survivor (8M), 3 old (12M), 0 humongous (0M), 5 free (20M)
}
Event: 1.099 {heap After GC invocations=9 (full 0):
 garbage-first heap   total reserved 6291456K, committed 221184K, used 19138K [0x0000000380000000, 0x0000000500000000)
  region size 4M, 0 eden (0M), 2 survivor (8M), 3 old (12M), 0 humongous (0M), 49 free (196M)
}
Event: 1.348 {heap Before GC invocations=9 (full 0):
 garbage-first heap   total reserved 6291456K, committed 221184K, used 56002K [0x0000000380000000, 0x0000000500000000)
  region size 4M, 11 eden (44M), 2 survivor (8M), 3 old (12M), 0 humongous (0M), 38 free (152M)
}
Event: 1.350 {heap After GC invocations=10 (full 0):
 garbage-first heap   total reserved 6291456K, committed 221184K, used 22527K [0x0000000380000000, 0x0000000500000000)
  region size 4M, 0 eden (0M), 3 survivor (12M), 3 old (12M), 0 humongous (0M), 48 free (192M)
}
Event: 1.898 {heap Before GC invocations=11 (full 0):
 garbage-first heap   total reserved 6291456K, committed 221184K, used 100351K [0x0000000380000000, 0x0000000500000000)
  region size 4M, 21 eden (84M), 3 survivor (12M), 3 old (12M), 0 humongous (0M), 27 free (108M)
}
Event: 1.902 {heap After GC invocations=12 (full 0):
 garbage-first heap   total reserved 6291456K, committed 221184K, used 27001K [0x0000000380000000, 0x0000000500000000)
  region size 4M, 0 eden (0M), 3 survivor (12M), 4 old (16M), 0 humongous (0M), 47 free (188M)
}

